Arguments: 
  /usr/bin/node /home/sallon/.yarn/bin/yarn.js add -D @types/web-audio-api

PATH: 
  /home/sallon/.yarn/bin:/home/sallon/.config/yarn/global/node_modules/.bin:/home/sallon/.cargo/bin:/home/sallon/.local/bin:/usr/local/bin:/usr/bin:/bin:/usr/local/sbin:/var/lib/flatpak/exports/bin:/opt/flutter/bin:/usr/lib/jvm/default/bin:/usr/bin/site_perl:/usr/bin/vendor_perl:/usr/bin/core_perl:/var/lib/snapd/snap/bin

Yarn version: 
  1.22.18

Node version: 
  16.14.2

Platform: 
  linux x64

Trace: 
  Error: https://registry.yarnpkg.com/@types%2fweb-audio-api: Not found
      at Request.params.callback [as _callback] (/home/sallon/.yarn/lib/cli.js:66138:18)
      at Request.self.callback (/home/sallon/.yarn/lib/cli.js:140883:22)
      at Request.emit (node:events:526:28)
      at Request.<anonymous> (/home/sallon/.yarn/lib/cli.js:141855:10)
      at Request.emit (node:events:526:28)
      at IncomingMessage.<anonymous> (/home/sallon/.yarn/lib/cli.js:141777:12)
      at Object.onceWrapper (node:events:645:28)
      at IncomingMessage.emit (node:events:538:35)
      at endReadableNT (node:internal/streams/readable:1345:12)
      at processTicksAndRejections (node:internal/process/task_queues:83:21)

npm manifest: 
  {
    "name": "radio",
    "version": "1.0.0",
    "main": "index.js",
    "type": "module",
    "license": "MIT",
    "dependencies": {
      "ffmpeg-stream": "^0.7.0",
      "web-audio-api": "^0.2.2"
    }
  }

yarn manifest: 
  No manifest

Lockfile: 
  # THIS IS AN AUTOGENERATED FILE. DO NOT EDIT THIS FILE DIRECTLY.
  # yarn lockfile v1
  
  
  aac@0.1.x:
    version "0.1.3"
    resolved "https://registry.yarnpkg.com/aac/-/aac-0.1.3.tgz#eb56b6b7b073cc8c43b2db027dbad33073e14a48"
    integrity sha1-61a2t7BzzIxDstsCfbrTMHPhSkg=
  
  abc@0.5.x:
    version "0.5.1"
    resolved "https://registry.yarnpkg.com/abc/-/abc-0.5.1.tgz#56e6a4b56ed691aada9049a7ad38825892ec61b3"
    integrity sha1-VuaktW7WkarakEmnrTiCWJLsYbM=
  
  alac@0.1.x:
    version "0.1.0"
    resolved "https://registry.yarnpkg.com/alac/-/alac-0.1.0.tgz#da1bf3bd5d0801d019fc389c4caf8cab85bafd13"
    integrity sha1-2hvzvV0IAdAZ/DicTK+Mq4W6/RM=
  
  assertion-error@1.0.0:
    version "1.0.0"
    resolved "https://registry.yarnpkg.com/assertion-error/-/assertion-error-1.0.0.tgz#c7f85438fdd466bc7ca16ab90c81513797a5d23b"
    integrity sha1-x/hUOP3UZrx8oWq5DIFRN5el0js=
  
  async@0.2.x:
    version "0.2.10"
    resolved "https://registry.yarnpkg.com/async/-/async-0.2.10.tgz#b6bbe0b0674b9d719708ca38de8c237cb526c3d1"
    integrity sha1-trvgsGdLnXGXCMo43owjfLUmw9E=
  
  async@0.9.x:
    version "0.9.2"
    resolved "https://registry.yarnpkg.com/async/-/async-0.9.2.tgz#aea74d5e61c1f899613bf64bda66d4c78f2fd17d"
    integrity sha1-rqdNXmHB+JlhO/ZL2mbUx48v0X0=
  
  audiobuffer@0.2.x:
    version "0.2.0"
    resolved "https://registry.yarnpkg.com/audiobuffer/-/audiobuffer-0.2.0.tgz#7cf2df30701aac184333eaf9e8ee3b01830c861a"
    integrity sha1-fPLfMHAarBhDM+r56O47AYMMhho=
    dependencies:
      underscore "1.4.x"
  
  av@0.4.x:
    version "0.4.9"
    resolved "https://registry.yarnpkg.com/av/-/av-0.4.9.tgz#8c7165f739580a541ec95071423492b3ffdc6e20"
    integrity sha1-jHFl9zlYClQeyVBxQjSSs//cbiA=
    dependencies:
      coffeeify "^0.6.0"
    optionalDependencies:
      speaker "^0.3.0"
  
  bindings@^1.2.1:
    version "1.5.0"
    resolved "https://registry.yarnpkg.com/bindings/-/bindings-1.5.0.tgz#10353c9e945334bc0511a6d90b38fbc7c9c504df"
    integrity sha512-p2q/t/mhvuOj/UeLlV6566GD/guowlr0hHxClI0W9m7MWYkL1F0hLo+0Aexs9HSPCtR1SXQ0TD3MMKrXZajbiQ==
    dependencies:
      file-uri-to-path "1.0.0"
  
  chai@1.7.x:
    version "1.7.2"
    resolved "https://registry.yarnpkg.com/chai/-/chai-1.7.2.tgz#ba07ebd4e1ac138a296cdf69077ce74b7f4a1317"
    integrity sha1-ugfr1OGsE4opbN9pB3znS39KExc=
    dependencies:
      assertion-error "1.0.0"
  
  coffee-script@~1.7.0:
    version "1.7.1"
    resolved "https://registry.yarnpkg.com/coffee-script/-/coffee-script-1.7.1.tgz#62996a861780c75e6d5069d13822723b73404bfc"
    integrity sha1-YplqhheAx15tUGnROCJyO3NAS/w=
    dependencies:
      mkdirp "~0.3.5"
  
  coffeeify@^0.6.0:
    version "0.6.0"
    resolved "https://registry.yarnpkg.com/coffeeify/-/coffeeify-0.6.0.tgz#75caba9b2e92c7836c92465c883b6acc9d894652"
    integrity sha1-dcq6my6Sx4NskkZciDtqzJ2JRlI=
    dependencies:
      coffee-script "~1.7.0"
      convert-source-map "~0.3.3"
      through "~2.3.4"
  
  convert-source-map@~0.3.3:
    version "0.3.5"
    resolved "https://registry.yarnpkg.com/convert-source-map/-/convert-source-map-0.3.5.tgz#f1d802950af7dd2631a1febe0596550c86ab3190"
    integrity sha1-8dgClQr33SYxof6+BZZVDIarMZA=
  
  core-util-is@~1.0.0:
    version "1.0.3"
    resolved "https://registry.yarnpkg.com/core-util-is/-/core-util-is-1.0.3.tgz#a6042d3634c2b27e9328f837b965fac83808db85"
    integrity sha512-ZQBvi1DcpJ4GDqanjucZ2Hj3wEO5pZDS89BWbkcrvdxksJorwUDDZamX9ldFkp9aw2lmBDLgkObEA4DWNJ9FYQ==
  
  debug@^2.2.0:
    version "2.6.9"
    resolved "https://registry.yarnpkg.com/debug/-/debug-2.6.9.tgz#5d128515df134ff327e90a4c93f4e077a536341f"
    integrity sha512-bC7ElrdJaJnPbAP+1EotYvqZsb3ecl5wi6Bfi6BJTUcNowp6cvspg0jXznRTKDjm/E7AdgFBVeAPVMNcKGsHMA==
    dependencies:
      ms "2.0.0"
  
  debug@^4.2.0:
    version "4.3.4"
    resolved "https://registry.yarnpkg.com/debug/-/debug-4.3.4.tgz#1319f6579357f2338d3337d2cdd4914bb5dcc865"
    integrity sha512-PRWFHuSU3eDtQJPvnNY7Jcket1j0t5OuOsFzPPzsekD52Zl8qUfFIPEiswXqIvHWGVHOgX+7G/vCNNhehwxfkQ==
    dependencies:
      ms "2.1.2"
  
  ffmpeg-stream@^0.7.0:
    version "0.7.0"
    resolved "https://registry.yarnpkg.com/ffmpeg-stream/-/ffmpeg-stream-0.7.0.tgz#bd945bdb2cf4e7966f67e97d06a580442cec3dcf"
    integrity sha512-Cz6EDH1LGBMZAb2ae03hvyMkrhZr7LdQ5fj/YUnaj00pxs5BDVZAF2AsYrthO8RrJ8ybwNTlAmvyztAOuuQg3g==
    dependencies:
      debug "^4.2.0"
  
  file-uri-to-path@1.0.0:
    version "1.0.0"
    resolved "https://registry.yarnpkg.com/file-uri-to-path/-/file-uri-to-path-1.0.0.tgz#553a7b8446ff6f684359c445f1e37a05dacc33dd"
    integrity sha512-0Zt+s3L7Vf1biwWZ29aARiVYLx7iMGnEUl9x33fbB/j3jR81u/O2LbqK+Bm1CDSNDKVtJ/YjwY7TUd5SkeLQLw==
  
  flac@0.3.x:
    version "0.3.0"
    resolved "https://registry.yarnpkg.com/flac/-/flac-0.3.0.tgz#e59e410c3b4856ac97ff588a1f54304ac318933c"
    integrity sha1-5Z5BDDtIVqyX/1iKH1QwSsMYkzw=
    dependencies:
      abc "0.5.x"
      fsa "0.5.x"
  
  fsa@0.5.x:
    version "0.5.1"
    resolved "https://registry.yarnpkg.com/fsa/-/fsa-0.5.1.tgz#c5552c80563dda02f8c683ecac9f57c1951613db"
    integrity sha1-xVUsgFY92gL4xoPsrJ9XwZUWE9s=
  
  inherits@~2.0.3:
    version "2.0.4"
    resolved "https://registry.yarnpkg.com/inherits/-/inherits-2.0.4.tgz#0fa2c64f932917c3433a0ded55363aae37416b7c"
    integrity sha512-k/vGaX4/Yla3WzyMCvTQOXYeIHvqOKtnqBduzTHpzpQZzAskKMhZ2K+EnBiSM9zGSoIFeMpXKxa4dYeZIQqewQ==
  
  isarray@~1.0.0:
    version "1.0.0"
    resolved "https://registry.yarnpkg.com/isarray/-/isarray-1.0.0.tgz#bb935d48582cba168c06834957a54a3e07124f11"
    integrity sha1-u5NdSFgsuhaMBoNJV6VKPgcSTxE=
  
  mkdirp@~0.3.5:
    version "0.3.5"
    resolved "https://registry.yarnpkg.com/mkdirp/-/mkdirp-0.3.5.tgz#de3e5f8961c88c787ee1368df849ac4413eca8d7"
    integrity sha1-3j5fiWHIjHh+4TaN+EmsRBPsqNc=
  
  mp3@0.1.x:
    version "0.1.0"
    resolved "https://registry.yarnpkg.com/mp3/-/mp3-0.1.0.tgz#e53e4723e34698ee3ffddcdb60bf88356a4910c1"
    integrity sha1-5T5HI+NGmO4//dzbYL+INWpJEME=
  
  ms@2.0.0:
    version "2.0.0"
    resolved "https://registry.yarnpkg.com/ms/-/ms-2.0.0.tgz#5608aeadfc00be6c2901df5f9861788de0d597c8"
    integrity sha1-VgiurfwAvmwpAd9fmGF4jeDVl8g=
  
  ms@2.1.2:
    version "2.1.2"
    resolved "https://registry.yarnpkg.com/ms/-/ms-2.1.2.tgz#d09d1f357b443f493382a8eb3ccd183872ae6009"
    integrity sha512-sGkPx+VjMtmA6MX27oA4FBFELFCZZ4S4XqeGOXCv68tT+jb3vk/RyaKWP0PTKyWtmLSM0b+adUTEvbs1PEaH2w==
  
  nan@^2.2.0:
    version "2.15.0"
    resolved "https://registry.yarnpkg.com/nan/-/nan-2.15.0.tgz#3f34a473ff18e15c1b5626b62903b5ad6e665fee"
    integrity sha512-8ZtvEnA2c5aYCZYd1cvgdnU6cqwixRoYg70xPLWUws5ORTa/lnw+u4amixRS/Ac5U5mQVgp9pnlSUnbNWFaWZQ==
  
  pcm-boilerplate@0.1.x:
    version "0.1.1"
    resolved "https://registry.yarnpkg.com/pcm-boilerplate/-/pcm-boilerplate-0.1.1.tgz#cb83b499fe2508c0f6c18338003fce239e150931"
    integrity sha1-y4O0mf4lCMD2wYM4AD/OI54VCTE=
    dependencies:
      async "0.2.x"
      chai "1.7.x"
      underscore "1.4.x"
  
  process-nextick-args@~2.0.0:
    version "2.0.1"
    resolved "https://registry.yarnpkg.com/process-nextick-args/-/process-nextick-args-2.0.1.tgz#7820d9b16120cc55ca9ae7792680ae7dba6d7fe2"
    integrity sha512-3ouUOpQhtgrbOa17J7+uxOTpITYWaGP7/AhoR3+A+/1e9skrzelGi/dXzEYyvbxubEF6Wn2ypscTKiKJFFn1ag==
  
  readable-stream@^2.0.5:
    version "2.3.7"
    resolved "https://registry.yarnpkg.com/readable-stream/-/readable-stream-2.3.7.tgz#1eca1cf711aef814c04f62252a36a62f6cb23b57"
    integrity sha512-Ebho8K4jIbHAxnuxi7o42OrZgF/ZTNcsZj6nRKyUmkhLFq8CHItp/fy6hQZuZmP/n3yZ9VBUbp4zz/mX8hmYPw==
    dependencies:
      core-util-is "~1.0.0"
      inherits "~2.0.3"
      isarray "~1.0.0"
      process-nextick-args "~2.0.0"
      safe-buffer "~5.1.1"
      string_decoder "~1.1.1"
      util-deprecate "~1.0.1"
  
  safe-buffer@~5.1.0, safe-buffer@~5.1.1:
    version "5.1.2"
    resolved "https://registry.yarnpkg.com/safe-buffer/-/safe-buffer-5.1.2.tgz#991ec69d296e0313747d59bdfd2b745c35f8828d"
    integrity sha512-Gd2UZBJDkXlY7GbJxfsE8/nvKkUEU1G38c1siN6QP6a9PT9MmHB8GnpscSmMJSoF8LOIrt8ud/wPtojys4G6+g==
  
  speaker@^0.3.0:
    version "0.3.1"
    resolved "https://registry.yarnpkg.com/speaker/-/speaker-0.3.1.tgz#19965f87b54be291554826c2c9338e0afd5b7594"
    integrity sha512-LEqSy+FHYHPZj4kX8NHylzaOmy+VIqj57enm2GS4B568hj0SdKDYa9jALCGQy43LZa/JmQk1iF0nlMVbS1PfPg==
    dependencies:
      bindings "^1.2.1"
      debug "^2.2.0"
      nan "^2.2.0"
      readable-stream "^2.0.5"
  
  string_decoder@~1.1.1:
    version "1.1.1"
    resolved "https://registry.yarnpkg.com/string_decoder/-/string_decoder-1.1.1.tgz#9cf1611ba62685d7030ae9e4ba34149c3af03fc8"
    integrity sha512-n/ShnvDi6FHbbVfviro+WojiFzv+s8MPMHBczVePfUpDJLwoLT0ht1l4YwBCbi8pJAveEEdnkHyPyTP/mzRfwg==
    dependencies:
      safe-buffer "~5.1.0"
  
  through@~2.3.4:
    version "2.3.8"
    resolved "https://registry.yarnpkg.com/through/-/through-2.3.8.tgz#0dd4c9ffaabc357960b1b724115d7e0e86a2e1f5"
    integrity sha1-DdTJ/6q8NXlgsbckEV1+Doai4fU=
  
  underscore@1.4.x:
    version "1.4.4"
    resolved "https://registry.yarnpkg.com/underscore/-/underscore-1.4.4.tgz#61a6a32010622afa07963bf325203cf12239d604"
    integrity sha1-YaajIBBiKvoHljvzJSA88SI51gQ=
  
  underscore@1.8.x:
    version "1.8.3"
    resolved "https://registry.yarnpkg.com/underscore/-/underscore-1.8.3.tgz#4f3fb53b106e6097fcf9cb4109f2a5e9bdfa5022"
    integrity sha1-Tz+1OxBuYJf8+ctBCfKl6b36UCI=
  
  util-deprecate@~1.0.1:
    version "1.0.2"
    resolved "https://registry.yarnpkg.com/util-deprecate/-/util-deprecate-1.0.2.tgz#450d4dc9fa70de732762fbd2d4a28981419a0ccf"
    integrity sha1-RQ1Nyfpw3nMnYvvS1KKJgUGaDM8=
  
  web-audio-api@^0.2.2:
    version "0.2.2"
    resolved "https://registry.yarnpkg.com/web-audio-api/-/web-audio-api-0.2.2.tgz#2a5048b5c23d6b79605d4ef24fd7bc30f338de23"
    integrity sha1-KlBItcI9a3lgXU7yT9e8MPM43iM=
    dependencies:
      aac "0.1.x"
      alac "0.1.x"
      async "0.9.x"
      audiobuffer "0.2.x"
      av "0.4.x"
      flac "0.3.x"
      mp3 "0.1.x"
      pcm-boilerplate "0.1.x"
      underscore "1.8.x"
